Build started 11/5/2018 4:16:48 AM.
     1>Project "C:\Users\Jira\quake4sping2018\mpgame.vcxproj" on node 3 (Build target(s)).
     1>C:\Program Files (x86)\MSBuild\Microsoft.Cpp\v4.0\V120\Microsoft.CppBuild.targets(381,5): warning MSB8028: The intermediate directory (../Win32/Debug\) contains files shared from another project (Game.vcxproj, idLib.vcxproj).  This can lead to incorrect clean and rebuild behavior.
     1>ClCompile:
         D:\VisualStudio2013\VC\bin\CL.exe /c /ZI /nologo /W4 /WX- /Od /Oy- /D _DEBUG /D _WINDOWS /D GAME_DLL /D GAME_MPAPI /D Q4SDK /D _WINDLL /D _MBCS /Gm- /EHsc /RTC1 /MTd /GS /Gy /fp:precise /Zc:wchar_t /Zc:forScope /GR /Yc /Fp"../Win32/Debug\MPGame/MPGame.pch" /Fo"../Win32/Debug\MPGame/" /Fd"../Win32/Debug\MPGamex86.pdb" /Gd /TP /analyze- /errorReport:prompt mpgame\AF.cpp
         AF.cpp
     1>c:\users\jira\quake4sping2018\idlib\lib.h(120): warning C4996: 'strcpy': This function or variable may be unsafe. Consider using strcpy_s instead. To disable deprecation, use _CRT_SECURE_NO_WARNINGS. See online help for details.
                 d:\visualstudio2013\vc\include\string.h(112) : see declaration of 'strcpy'
     1>c:\users\jira\quake4sping2018\idlib\str.h(406): warning C4996: 'strcpy': This function or variable may be unsafe. Consider using strcpy_s instead. To disable deprecation, use _CRT_SECURE_NO_WARNINGS. See online help for details.
                 d:\visualstudio2013\vc\include\string.h(112) : see declaration of 'strcpy'
     1>c:\users\jira\quake4sping2018\idlib\str.h(446): warning C4996: 'strcpy': This function or variable may be unsafe. Consider using strcpy_s instead. To disable deprecation, use _CRT_SECURE_NO_WARNINGS. See online help for details.
                 d:\visualstudio2013\vc\include\string.h(112) : see declaration of 'strcpy'
     1>c:\users\jira\quake4sping2018\idlib\str.h(501): warning C4996: 'sprintf': This function or variable may be unsafe. Consider using sprintf_s instead. To disable deprecation, use _CRT_SECURE_NO_WARNINGS. See online help for details.
                 d:\visualstudio2013\vc\include\stdio.h(356) : see declaration of 'sprintf'
     1>c:\users\jira\quake4sping2018\idlib\str.h(503): warning C4996: 'strcpy': This function or variable may be unsafe. Consider using strcpy_s instead. To disable deprecation, use _CRT_SECURE_NO_WARNINGS. See online help for details.
                 d:\visualstudio2013\vc\include\string.h(112) : see declaration of 'strcpy'
     1>c:\users\jira\quake4sping2018\idlib\str.h(512): warning C4996: 'sprintf': This function or variable may be unsafe. Consider using sprintf_s instead. To disable deprecation, use _CRT_SECURE_NO_WARNINGS. See online help for details.
                 d:\visualstudio2013\vc\include\stdio.h(356) : see declaration of 'sprintf'
     1>c:\users\jira\quake4sping2018\idlib\str.h(514): warning C4996: 'strcpy': This function or variable may be unsafe. Consider using strcpy_s instead. To disable deprecation, use _CRT_SECURE_NO_WARNINGS. See online help for details.
                 d:\visualstudio2013\vc\include\string.h(112) : see declaration of 'strcpy'
     1>c:\users\jira\quake4sping2018\idlib\str.h(527): warning C4996: 'strcpy': This function or variable may be unsafe. Consider using strcpy_s instead. To disable deprecation, use _CRT_SECURE_NO_WARNINGS. See online help for details.
                 d:\visualstudio2013\vc\include\string.h(112) : see declaration of 'strcpy'
     1>c:\users\jira\quake4sping2018\idlib\str.h(605): warning C4996: 'sprintf': This function or variable may be unsafe. Consider using sprintf_s instead. To disable deprecation, use _CRT_SECURE_NO_WARNINGS. See online help for details.
                 d:\visualstudio2013\vc\include\stdio.h(356) : see declaration of 'sprintf'
     1>c:\users\jira\quake4sping2018\idlib\str.h(615): warning C4996: 'sprintf': This function or variable may be unsafe. Consider using sprintf_s instead. To disable deprecation, use _CRT_SECURE_NO_WARNINGS. See online help for details.
                 d:\visualstudio2013\vc\include\stdio.h(356) : see declaration of 'sprintf'
     1>c:\users\jira\quake4sping2018\idlib\str.h(625): warning C4996: 'sprintf': This function or variable may be unsafe. Consider using sprintf_s instead. To disable deprecation, use _CRT_SECURE_NO_WARNINGS. See online help for details.
                 d:\visualstudio2013\vc\include\stdio.h(356) : see declaration of 'sprintf'
     1>c:\users\jira\quake4sping2018\idlib\str.h(634): warning C4996: 'sprintf': This function or variable may be unsafe. Consider using sprintf_s instead. To disable deprecation, use _CRT_SECURE_NO_WARNINGS. See online help for details.
                 d:\visualstudio2013\vc\include\stdio.h(356) : see declaration of 'sprintf'
     1>c:\users\jira\quake4sping2018\idlib\str.h(643): warning C4996: 'sprintf': This function or variable may be unsafe. Consider using sprintf_s instead. To disable deprecation, use _CRT_SECURE_NO_WARNINGS. See online help for details.
                 d:\visualstudio2013\vc\include\stdio.h(356) : see declaration of 'sprintf'
     1>c:\users\jira\quake4sping2018\idlib\str.h(652): warning C4996: 'sprintf': This function or variable may be unsafe. Consider using sprintf_s instead. To disable deprecation, use _CRT_SECURE_NO_WARNINGS. See online help for details.
                 d:\visualstudio2013\vc\include\stdio.h(356) : see declaration of 'sprintf'
     1>c:\users\jira\quake4sping2018\idlib\base64.h(80): warning C4996: 'strcpy': This function or variable may be unsafe. Consider using strcpy_s instead. To disable deprecation, use _CRT_SECURE_NO_WARNINGS. See online help for details.
                 d:\visualstudio2013\vc\include\string.h(112) : see declaration of 'strcpy'
     1>c:\users\jira\quake4sping2018\mpgame\script\script_interpreter.h(151): warning C4996: 'sprintf': This function or variable may be unsafe. Consider using sprintf_s instead. To disable deprecation, use _CRT_SECURE_NO_WARNINGS. See online help for details.
                 d:\visualstudio2013\vc\include\stdio.h(356) : see declaration of 'sprintf'
     1>c:\users\jira\quake4sping2018\mpgame\script\script_interpreter.h(153): warning C4996: 'sprintf': This function or variable may be unsafe. Consider using sprintf_s instead. To disable deprecation, use _CRT_SECURE_NO_WARNINGS. See online help for details.
                 d:\visualstudio2013\vc\include\stdio.h(356) : see declaration of 'sprintf'
     1>c:\users\jira\quake4sping2018\mpgame\af.cpp(1152): warning C4996: 'sscanf': This function or variable may be unsafe. Consider using sscanf_s instead. To disable deprecation, use _CRT_SECURE_NO_WARNINGS. See online help for details.
                 d:\visualstudio2013\vc\include\stdio.h(304) : see declaration of 'sscanf'
     1>c:\users\jira\quake4sping2018\mpgame\af.cpp(1282): warning C4996: 'sscanf': This function or variable may be unsafe. Consider using sscanf_s instead. To disable deprecation, use _CRT_SECURE_NO_WARNINGS. See online help for details.
                 d:\visualstudio2013\vc\include\stdio.h(304) : see declaration of 'sscanf'
     1>c:\users\jira\quake4sping2018\mpgame\af.cpp(1290): warning C4996: 'sscanf': This function or variable may be unsafe. Consider using sscanf_s instead. To disable deprecation, use _CRT_SECURE_NO_WARNINGS. See online help for details.
                 d:\visualstudio2013\vc\include\stdio.h(304) : see declaration of 'sscanf'
     1>C:\Program Files (x86)\MSBuild\Microsoft.Cpp\v4.0\V120\Microsoft.CppCommon.targets(242,5): warning MSB4220: Waiting for the currently executing task "CL" to cancel.
     1>C:\Program Files (x86)\MSBuild\Microsoft.Cpp\v4.0\V120\Microsoft.CppCommon.targets(242,5): warning MSB4220: Waiting for the currently executing task "CL" to cancel.
     0>MSBUILD : error MSB4166: Child node "3" exited prematurely. Shutting down. Diagnostic information may be found in files in the temporary files directory named MSBuild_*.failure.txt.

Build FAILED.

Time Elapsed 00:07:25.43
